# JRE version: Java(TM) SE Runtime Environment (8.0_191-b12) (build 1.8.0_191-b12)
# Java VM: Java HotSpot(TM) 64-Bit Server VM (25.191-b12 mixed mode linux-amd64 compressed oops)
Heap:
 PSYoungGen      total 264704K, used 237328K [0x00000000eab00000, 0x0000000100000000, 0x0000000100000000)
  eden space 202240K, 100% used [0x00000000eab00000,0x00000000f7080000,0x00000000f7080000)
  from space 62464K, 56% used [0x00000000f7080000,0x00000000f92c43e8,0x00000000fad80000)
  to   space 64000K, 54% used [0x00000000fc180000,0x00000000fe3c2950,0x0000000100000000)
 ParOldGen       total 254976K, used 190221K [0x00000000c0000000, 0x00000000cf900000, 0x00000000eab00000)
  object space 254976K, 74% used [0x00000000c0000000,0x00000000cb9c3508,0x00000000cf900000)
 Metaspace       used 137935K, capacity 142817K, committed 142976K, reserved 1173504K
  class space    used 18061K, capacity 19188K, committed 19328K, reserved 1048576K
GC Heap History (10 events):
Event: 1769.796 GC heap after
Heap after GC invocations=65 (full 6):
 PSYoungGen      total 274432K, used 5639K [0x00000000eab00000, 0x00000000ffd80000, 0x0000000100000000)
  eden space 205824K, 0% used [0x00000000eab00000,0x00000000eab00000,0x00000000f7400000)
  from space 68608K, 8% used [0x00000000f7400000,0x00000000f7981c88,0x00000000fb700000)
  to   space 66048K, 0% used [0x00000000fbd00000,0x00000000fbd00000,0x00000000ffd80000)
 ParOldGen       total 254976K, used 188877K [0x00000000c0000000, 0x00000000cf900000, 0x00000000eab00000)
  object space 254976K, 74% used [0x00000000c0000000,0x00000000cb8734f8,0x00000000cf900000)
 Metaspace       used 127313K, capacity 131577K, committed 132096K, reserved 1163264K
  class space    used 16749K, capacity 17784K, committed 17920K, reserved 1048576K
}
Event: 1789.507 GC heap before
{Heap before GC invocations=66 (full 6):
 PSYoungGen      total 274432K, used 211463K [0x00000000eab00000, 0x00000000ffd80000, 0x0000000100000000)
  eden space 205824K, 100% used [0x00000000eab00000,0x00000000f7400000,0x00000000f7400000)
  from space 68608K, 8% used [0x00000000f7400000,0x00000000f7981c88,0x00000000fb700000)
  to   space 66048K, 0% used [0x00000000fbd00000,0x00000000fbd00000,0x00000000ffd80000)
 ParOldGen       total 254976K, used 188877K [0x00000000c0000000, 0x00000000cf900000, 0x00000000eab00000)
  object space 254976K, 74% used [0x00000000c0000000,0x00000000cb8734f8,0x00000000cf900000)
 Metaspace       used 128905K, capacity 133117K, committed 133632K, reserved 1165312K
  class space    used 16991K, capacity 18040K, committed 18176K, reserved 1048576K
Event: 1789.551 GC heap after
Heap after GC invocations=66 (full 6):
 PSYoungGen      total 273408K, used 11301K [0x00000000eab00000, 0x00000000ff680000, 0x0000000100000000)
  eden space 214528K, 0% used [0x00000000eab00000,0x00000000eab00000,0x00000000f7c80000)
  from space 58880K, 19% used [0x00000000fbd00000,0x00000000fc809430,0x00000000ff680000)
  to   space 62464K, 0% used [0x00000000f7c80000,0x00000000f7c80000,0x00000000fb980000)
 ParOldGen       total 254976K, used 188885K [0x00000000c0000000, 0x00000000cf900000, 0x00000000eab00000)
  object space 254976K, 74% used [0x00000000c0000000,0x00000000cb8754f8,0x00000000cf900000)
 Metaspace       used 128905K, capacity 133117K, committed 133632K, reserved 1165312K
  class space    used 16991K, capacity 18040K, committed 18176K, reserved 1048576K
}
Event: 1815.161 GC heap before
{Heap before GC invocations=67 (full 6):
 PSYoungGen      total 273408K, used 225829K [0x00000000eab00000, 0x00000000ff680000, 0x0000000100000000)
  eden space 214528K, 100% used [0x00000000eab00000,0x00000000f7c80000,0x00000000f7c80000)
  from space 58880K, 19% used [0x00000000fbd00000,0x00000000fc809430,0x00000000ff680000)
  to   space 62464K, 0% used [0x00000000f7c80000,0x00000000f7c80000,0x00000000fb980000)
 ParOldGen       total 254976K, used 188885K [0x00000000c0000000, 0x00000000cf900000, 0x00000000eab00000)
  object space 254976K, 74% used [0x00000000c0000000,0x00000000cb8754f8,0x00000000cf900000)
 Metaspace       used 128905K, capacity 133117K, committed 133632K, reserved 1165312K
  class space    used 16991K, capacity 18040K, committed 18176K, reserved 1048576K
Event: 1815.216 GC heap after
Heap after GC invocations=67 (full 6):
 PSYoungGen      total 224256K, used 17504K [0x00000000eab00000, 0x00000000fe680000, 0x0000000100000000)
  eden space 206336K, 0% used [0x00000000eab00000,0x00000000eab00000,0x00000000f7480000)
  from space 17920K, 97% used [0x00000000f7c80000,0x00000000f8d98018,0x00000000f8e00000)
  to   space 58368K, 0% used [0x00000000fad80000,0x00000000fad80000,0x00000000fe680000)
 ParOldGen       total 254976K, used 188885K [0x00000000c0000000, 0x00000000cf900000, 0x00000000eab00000)
  object space 254976K, 74% used [0x00000000c0000000,0x00000000cb8754f8,0x00000000cf900000)
 Metaspace       used 128905K, capacity 133117K, committed 133632K, reserved 1165312K
  class space    used 16991K, capacity 18040K, committed 18176K, reserved 1048576K
}
Event: 1821.572 GC heap before
{Heap before GC invocations=68 (full 6):
 PSYoungGen      total 224256K, used 223840K [0x00000000eab00000, 0x00000000fe680000, 0x0000000100000000)
  eden space 206336K, 100% used [0x00000000eab00000,0x00000000f7480000,0x00000000f7480000)
  from space 17920K, 97% used [0x00000000f7c80000,0x00000000f8d98018,0x00000000f8e00000)
  to   space 58368K, 0% used [0x00000000fad80000,0x00000000fad80000,0x00000000fe680000)
 ParOldGen       total 254976K, used 188885K [0x00000000c0000000, 0x00000000cf900000, 0x00000000eab00000)
  object space 254976K, 74% used [0x00000000c0000000,0x00000000cb8754f8,0x00000000cf900000)
 Metaspace       used 136292K, capacity 140835K, committed 141184K, reserved 1171456K
  class space    used 17892K, capacity 18987K, committed 19072K, reserved 1048576K
Event: 1821.698 GC heap after
Heap after GC invocations=68 (full 6):
 PSYoungGen      total 260608K, used 39825K [0x00000000eab00000, 0x0000000100000000, 0x0000000100000000)
  eden space 202240K, 0% used [0x00000000eab00000,0x00000000eab00000,0x00000000f7080000)
  from space 58368K, 68% used [0x00000000fad80000,0x00000000fd464718,0x00000000fe680000)
  to   space 62464K, 0% used [0x00000000f7080000,0x00000000f7080000,0x00000000fad80000)
 ParOldGen       total 254976K, used 188893K [0x00000000c0000000, 0x00000000cf900000, 0x00000000eab00000)
  object space 254976K, 74% used [0x00000000c0000000,0x00000000cb8774f8,0x00000000cf900000)
 Metaspace       used 136292K, capacity 140835K, committed 141184K, reserved 1171456K
  class space    used 17892K, capacity 18987K, committed 19072K, reserved 1048576K
}
Event: 1824.244 GC heap before
{Heap before GC invocations=69 (full 6):
 PSYoungGen      total 260608K, used 242065K [0x00000000eab00000, 0x0000000100000000, 0x0000000100000000)
  eden space 202240K, 100% used [0x00000000eab00000,0x00000000f7080000,0x00000000f7080000)
  from space 58368K, 68% used [0x00000000fad80000,0x00000000fd464718,0x00000000fe680000)
  to   space 62464K, 0% used [0x00000000f7080000,0x00000000f7080000,0x00000000fad80000)
 ParOldGen       total 254976K, used 188893K [0x00000000c0000000, 0x00000000cf900000, 0x00000000eab00000)
  object space 254976K, 74% used [0x00000000c0000000,0x00000000cb8774f8,0x00000000cf900000)
 Metaspace       used 136858K, capacity 141423K, committed 141824K, reserved 1171456K
  class space    used 17935K, capacity 19021K, committed 19200K, reserved 1048576K
Event: 1824.338 GC heap after
Heap after GC invocations=69 (full 6):
 PSYoungGen      total 264704K, used 35088K [0x00000000eab00000, 0x0000000100000000, 0x0000000100000000)
  eden space 202240K, 0% used [0x00000000eab00000,0x00000000eab00000,0x00000000f7080000)
  from space 62464K, 56% used [0x00000000f7080000,0x00000000f92c43e8,0x00000000fad80000)
  to   space 64000K, 0% used [0x00000000fc180000,0x00000000fc180000,0x0000000100000000)
 ParOldGen       total 254976K, used 189693K [0x00000000c0000000, 0x00000000cf900000, 0x00000000eab00000)
  object space 254976K, 74% used [0x00000000c0000000,0x00000000cb93f508,0x00000000cf900000)
 Metaspace       used 136858K, capacity 141423K, committed 141824K, reserved 1171456K
  class space    used 17935K, capacity 19021K, committed 19200K, reserved 1048576K
}
Event: 1826.657 GC heap before
{Heap before GC invocations=70 (full 6):
 PSYoungGen      total 264704K, used 237328K [0x00000000eab00000, 0x0000000100000000, 0x0000000100000000)
  eden space 202240K, 100% used [0x00000000eab00000,0x00000000f7080000,0x00000000f7080000)
  from space 62464K, 56% used [0x00000000f7080000,0x00000000f92c43e8,0x00000000fad80000)
  to   space 64000K, 0% used [0x00000000fc180000,0x00000000fc180000,0x0000000100000000)
 ParOldGen       total 254976K, used 189693K [0x00000000c0000000, 0x00000000cf900000, 0x00000000eab00000)
  object space 254976K, 74% used [0x00000000c0000000,0x00000000cb93f508,0x00000000cf900000)
 Metaspace       used 137935K, capacity 142817K, committed 142976K, reserved 1173504K
  class space    used 18061K, capacity 19188K, committed 19328K, reserved 1048576K

